<?xml version="1.0" encoding="UTF-8" ?>
<testsuite tests="25" failures="0" name="org.jangolano.wordsearch.model.PuzzleTest" time="0.057" errors="0" skipped="0">
  <properties>
[...]
</properties>
  <testcase classname="org.jangolano.wordsearch.model.PuzzleTest" name="searchDiangalBottomLeft" time="0.05"/>
  <testcase classname="org.jangolano.wordsearch.model.PuzzleTest" name="searchPuzzleSingleLetter" time="0"/>
  <testcase classname="org.jangolano.wordsearch.model.PuzzleTest" name="setValueAtOutOfBounds" time="0.001"/>
  <testcase classname="org.jangolano.wordsearch.model.PuzzleTest" name="searchVerticalNotFound" time="0"/>
  <testcase classname="org.jangolano.wordsearch.model.PuzzleTest" name="setValueAt" time="0"/>
  <testcase classname="org.jangolano.wordsearch.model.PuzzleTest" name="searchPuzzleForWordsDHL" time="0"/>
  <testcase classname="org.jangolano.wordsearch.model.PuzzleTest" name="searchPuzzleForWordsPON" time="0.001"/>
  <testcase classname="org.jangolano.wordsearch.model.PuzzleTest" name="searchHorizontal" time="0"/>
  <testcase classname="org.jangolano.wordsearch.model.PuzzleTest" name="getLocationsOf" time="0.001"/>
  <testcase classname="org.jangolano.wordsearch.model.PuzzleTest" name="getValueAtOutOfBounds" time="0"/>
  <testcase classname="org.jangolano.wordsearch.model.PuzzleTest" name="searchDiagnalBottomRight" time="0.001"/>
  <testcase classname="org.jangolano.wordsearch.model.PuzzleTest" name="searchVertical" time="0"/>
  <testcase classname="org.jangolano.wordsearch.model.PuzzleTest" name="searchHorizontalNotFound" time="0"/>
  <testcase classname="org.jangolano.wordsearch.model.PuzzleTest" name="searchDiagnalTopLeft" time="0.001"/>
  <testcase classname="org.jangolano.wordsearch.model.PuzzleTest" name="searchDiagnalTopRight" time="0"/>
  <testcase classname="org.jangolano.wordsearch.model.PuzzleTest" name="searchVerticalBackwards" time="0"/>
  <testcase classname="org.jangolano.wordsearch.model.PuzzleTest" name="searchDiagnalBottomRightNotFound" time="0"/>
  <testcase classname="org.jangolano.wordsearch.model.PuzzleTest" name="searchDiagnalTopLeftNotFound" time="0"/>
  <testcase classname="org.jangolano.wordsearch.model.PuzzleTest" name="searchHorizontalBackwardsNotFound" time="0"/>
  <testcase classname="org.jangolano.wordsearch.model.PuzzleTest" name="getValueAt" time="0"/>
  <testcase classname="org.jangolano.wordsearch.model.PuzzleTest" name="searchHorizontalBackwards" time="0"/>
  <testcase classname="org.jangolano.wordsearch.model.PuzzleTest" name="searchPuzzleForWordsNJFB" time="0"/>
  <testcase classname="org.jangolano.wordsearch.model.PuzzleTest" name="searchDiagnalTopRightNotFound" time="0.002"/>
  <testcase classname="org.jangolano.wordsearch.model.PuzzleTest" name="searchDiangalBottomLeftNotFound" time="0"/>
  <testcase classname="org.jangolano.wordsearch.model.PuzzleTest" name="searchPuzzleForWordsNO" time="0"/>
</testsuite>